<?xml version="1.0" encoding="UTF-8"?>
<testng-results ignored="0" total="2" passed="2" failed="0" skipped="0">
  <reporter-output>
  </reporter-output>
  <suite started-at="2022-12-12T20:41:20 IST" name="Suite" finished-at="2022-12-12T20:41:43 IST" duration-ms="22187">
    <groups>
    </groups>
    <test started-at="2022-12-12T20:41:20 IST" name="Test" finished-at="2022-12-12T20:41:43 IST" duration-ms="22187">
      <class name="Testcases1.LoginTestCase1">
        <test-method is-config="true" signature="launch()[pri:0, instance:Testcases1.LoginTestCase1@bd4dc25]" started-at="2022-12-12T20:41:20 IST" name="launch" finished-at="2022-12-12T20:41:26 IST" duration-ms="5592" status="PASS">
          <reporter-output>
          </reporter-output>
        </test-method> <!-- launch -->
        <test-method signature="Login()[pri:0, instance:Testcases1.LoginTestCase1@bd4dc25]" started-at="2022-12-12T20:41:26 IST" name="Login" finished-at="2022-12-12T20:41:26 IST" duration-ms="520" status="PASS">
          <reporter-output>
          </reporter-output>
        </test-method> <!-- Login -->
      </class> <!-- Testcases1.LoginTestCase1 -->
      <class name="Testcases1.SignupTestCase">
        <test-method is-config="true" signature="launch()[pri:0, instance:Testcases1.SignupTestCase@593aaf41]" started-at="2022-12-12T20:41:27 IST" name="launch" finished-at="2022-12-12T20:41:31 IST" duration-ms="4606" status="PASS">
          <reporter-output>
          </reporter-output>
        </test-method> <!-- launch -->
        <test-method signature="VerifySignup()[pri:0, instance:Testcases1.SignupTestCase@593aaf41]" started-at="2022-12-12T20:41:31 IST" name="VerifySignup" finished-at="2022-12-12T20:41:43 IST" duration-ms="11430" status="PASS">
          <reporter-output>
          </reporter-output>
        </test-method> <!-- VerifySignup -->
      </class> <!-- Testcases1.SignupTestCase -->
    </test> <!-- Test -->
  </suite> <!-- Suite -->
</testng-results>
